<?xml version="1.0" encoding="UTF-8"?>
<!-- Generated by org.testng.reporters.JUnitReportReporter -->
<testsuite hostname="Protoneted" failures="0" tests="3" name="test.amazontest" time="20.323" errors="0" timestamp="2025-08-13T15:11:54 IST" skipped="0">
  <testcase classname="test.amazontest" name="openAmazon" time="8.178"/>
  <testcase classname="test.amazontest" name="openAmazon" time="6.127"/>
  <testcase classname="test.amazontest" name="openAmazon" time="6.018"/>
</testsuite> <!-- test.amazontest -->
