<?xml version="1.0" encoding="UTF-8"?>
<!-- Generated by org.testng.reporters.JUnitReportReporter -->
<testsuite hostname="Protoneted" failures="0" tests="3" name="test.amazontest" time="20.899" errors="0" timestamp="2025-08-13T14:47:20 IST" skipped="0">
  <testcase classname="test.amazontest" name="openAmazon" time="8.347"/>
  <testcase classname="test.amazontest" name="openAmazon" time="6.791"/>
  <testcase classname="test.amazontest" name="openAmazon" time="5.761"/>
</testsuite> <!-- test.amazontest -->
