<?xml version="1.0" encoding="UTF-8"?>
<!-- Generated by org.testng.reporters.JUnitReportReporter -->
<testsuite hostname="Protoneted" failures="0" tests="3" name="test.amazontest" time="30.121" errors="0" timestamp="2025-08-13T14:13:21 IST" skipped="0">
  <testcase classname="test.amazontest" name="openAmazon" time="11.790"/>
  <testcase classname="test.amazontest" name="openAmazon" time="9.448"/>
  <testcase classname="test.amazontest" name="openAmazon" time="8.883"/>
</testsuite> <!-- test.amazontest -->
